<?xml version="1.0" encoding="UTF-8"?>
<!-- Generated by org.testng.reporters.JUnitReportReporter -->
<testsuite hostname="DESKTOP-8PCJLJ0" failures="0" tests="1" name="com.leasecrunch.testscases.Firm.DisableFirm" time="24.537" errors="0" timestamp="2023-12-28T11:45:04 PKT" skipped="0">
  <testcase classname="com.leasecrunch.testscases.Firm.DisableFirm" name="disableFirm" time="24.537"/>
</testsuite> <!-- com.leasecrunch.testscases.Firm.DisableFirm -->
