<?xml version="1.0" encoding="UTF-8"?>
<!-- Generated by org.testng.reporters.JUnitReportReporter -->
<testsuite hostname="DESKTOP-8PCJLJ0" failures="0" tests="1" name="com.leasecrunch.testscases.Firm.EditFirm" time="22.855" errors="0" timestamp="2023-12-07T13:32:07 PKT" skipped="0">
  <testcase classname="com.leasecrunch.testscases.Firm.EditFirm" name="editFirm" time="22.855"/>
</testsuite> <!-- com.leasecrunch.testscases.Firm.EditFirm -->
