<?xml version="1.0" encoding="UTF-8"?>
<!-- Generated by org.testng.reporters.JUnitReportReporter -->
<testsuite hostname="DESKTOP-8PCJLJ0" failures="0" tests="1" name="com.leasecrunch.testcases.Clients.CreateClientFASBLCVtoFirmtoBill" time="38.278" errors="0" timestamp="2024-04-15T16:52:29 PKT" skipped="0">
  <testcase classname="com.leasecrunch.testcases.Clients.CreateClientFASBLCVtoFirmtoBill" name="createFASBClientLCVtoFirmtoBill" time="38.278"/>
</testsuite> <!-- com.leasecrunch.testcases.Clients.CreateClientFASBLCVtoFirmtoBill -->
