<?xml version="1.0" encoding="UTF-8"?>
<!-- Generated by org.testng.reporters.JUnitReportReporter -->
<testsuite hostname="DESKTOP-8PCJLJ0" failures="0" tests="1" name="com.leasecrunch.testcases.Clients.CreateClient" time="32.426" errors="0" timestamp="2024-01-08T11:54:22 PKT" skipped="0">
  <testcase classname="com.leasecrunch.testcases.Clients.CreateClient" name="createFASBClient" time="32.426"/>
</testsuite> <!-- com.leasecrunch.testcases.Clients.CreateClient -->
