<?xml version="1.0" encoding="UTF-8"?>
<!-- Generated by org.testng.reporters.JUnitReportReporter -->
<testsuite hostname="DESKTOP-8PCJLJ0" failures="0" tests="1" name="com.leasecrunch.testscases.Firm.CreateFirm" time="31.788" errors="0" timestamp="2024-04-29T11:34:25 PKT" skipped="0">
  <testcase classname="com.leasecrunch.testscases.Firm.CreateFirm" name="createFirm" time="31.788"/>
</testsuite> <!-- com.leasecrunch.testscases.Firm.CreateFirm -->
