<?xml version="1.0" encoding="UTF-8"?>
<!-- Generated by org.testng.reporters.JUnitReportReporter -->
<testsuite hostname="DESKTOP-8PCJLJ0" failures="0" tests="1" name="com.leasecrunch.testscases.Firm.SearchFirm" time="15.494" errors="0" timestamp="2023-12-06T14:56:28 PKT" skipped="0">
  <testcase classname="com.leasecrunch.testscases.Firm.SearchFirm" name="searchfirm" time="15.494"/>
</testsuite> <!-- com.leasecrunch.testscases.Firm.SearchFirm -->
