<?xml version="1.0" encoding="UTF-8"?>
<!-- Generated by org.testng.reporters.JUnitReportReporter -->
<testsuite hostname="DESKTOP-8PCJLJ0" failures="0" tests="1" name="com.leasecrunch.testscases.DisableFirm" time="0.000" errors="0" timestamp="04 Sep 2023 06:11:59 GMT" skipped="1">
  <testcase classname="com.leasecrunch.testscases.DisableFirm" name="disableFirm" time="0.000">
    <skipped/>
  </testcase> <!-- disableFirm -->
</testsuite> <!-- com.leasecrunch.testscases.DisableFirm -->
